Using pre-set license
Built from '2020.2/release' branch; Version is '2020.2.1f1 (270dd8c3da1c) revision 2559448'; Using compiler version '192528614'; Build Type 'Release'
OS: 'Windows 10  (10.0.0) 64bit' Language: 'en' Physical Memory: 16334 MB
BatchMode: 1, IsHumanControllingUs: 0, StartBugReporterOnCrash: 0, Is64bit: 1, IsPro: 0

 COMMAND LINE ARGUMENTS:
C:\Program Files\Unity\Hub\Editor\2020.2.1f1\Editor\Unity.exe
-adb2
-batchMode
-noUpm
-name
AssetImportWorker1
-projectPath
C:/Users/colli/Documents/Repos/Spring 2021/2610 Aestetics/Honey Speedway
-logFile
Logs/AssetImportWorker1.log
-srvPort
49850
Successfully changed project path to: C:/Users/colli/Documents/Repos/Spring 2021/2610 Aestetics/Honey Speedway
C:/Users/colli/Documents/Repos/Spring 2021/2610 Aestetics/Honey Speedway
Using Asset Import Pipeline V2.
Refreshing native plugins compatible for Editor in 133.26 ms, found 0 plugins.
Preloading 0 native plugins for Editor in 0.00 ms.
Initialize engine version: 2020.2.1f1 (270dd8c3da1c)
[Subsystems] Discovering subsystems at path C:/Program Files/Unity/Hub/Editor/2020.2.1f1/Editor/Data/Resources/UnitySubsystems
[Subsystems] Discovering subsystems at path C:/Users/colli/Documents/Repos/Spring 2021/2610 Aestetics/Honey Speedway/Assets
GfxDevice: creating device client; threaded=0
Direct3D:
    Version:  Direct3D 11.0 [level 11.1]
    Renderer: NVIDIA GeForce RTX 3060 Ti (ID=0x2486)
    Vendor:   
    VRAM:     8050 MB
    Driver:   27.21.14.6140
Initialize mono
Mono path[0] = 'C:/Program Files/Unity/Hub/Editor/2020.2.1f1/Editor/Data/Managed'
Mono path[1] = 'C:/Program Files/Unity/Hub/Editor/2020.2.1f1/Editor/Data/MonoBleedingEdge/lib/mono/unityjit'
Mono config path = 'C:/Program Files/Unity/Hub/Editor/2020.2.1f1/Editor/Data/MonoBleedingEdge/etc'
Using monoOptions --debugger-agent=transport=dt_socket,embedding=1,server=y,suspend=n,address=127.0.0.1:56272
Begin MonoManager ReloadAssembly
Registering precompiled unity dll's ...
Register platform support module: C:/Program Files/Unity/Hub/Editor/2020.2.1f1/Editor/Data/PlaybackEngines/WindowsStandaloneSupport/UnityEditor.WindowsStandalone.Extensions.dll
Registered in 0.003045 seconds.
Native extension for WindowsStandalone target not found
Refreshing native plugins compatible for Editor in 157.61 ms, found 0 plugins.
Preloading 0 native plugins for Editor in 0.00 ms.
Invoked RoslynAnalysisRunner static constructor.
RoslynAnalysisRunner will not be running.
RoslynAnalysisRunner has terminated.
Mono: successfully reloaded assembly
- Completed reload, in  1.930 seconds
Platform modules already initialized, skipping
Registering precompiled user dll's ...
Registered in 0.002279 seconds.
Begin MonoManager ReloadAssembly
Native extension for WindowsStandalone target not found
Refreshing native plugins compatible for Editor in 156.18 ms, found 0 plugins.
Preloading 0 native plugins for Editor in 0.00 ms.
Invoked RoslynAnalysisRunner static constructor.
RoslynAnalysisRunner will not be running.
RoslynAnalysisRunner has terminated.
Mono: successfully reloaded assembly
- Completed reload, in  7.929 seconds
Platform modules already initialized, skipping
========================================================================
Worker process is ready to serve import requests
Launched and connected shader compiler UnityShaderCompiler.exe after 0.10 seconds
Refreshing native plugins compatible for Editor in 0.91 ms, found 0 plugins.
Preloading 0 native plugins for Editor in 0.00 ms.
Unloading 3865 Unused Serialized files (Serialized files now loaded: 0)
System memory in use before: 187.8 MB.
System memory in use after: 185.1 MB.

Unloading 171 unused Assets to reduce memory usage. Loaded Objects now: 4274.
Total: 10.531400 ms (FindLiveObjects: 0.947600 ms CreateObjectMapping: 0.400500 ms MarkObjects: 4.978400 ms  DeleteObjects: 4.202000 ms)

========================================================================
Received Import Request.
  path: Assets/Materials/Honey Speedway.mat
  artifactKey: Guid(c54462513e453614d9e0919cd4547e2c) Importer(815301076,1909f56bfc062723c751e8b465ee728b)
Start importing Assets/Materials/Honey Speedway.mat using Guid(c54462513e453614d9e0919cd4547e2c) Importer(815301076,1909f56bfc062723c751e8b465ee728b)  -> (artifact id: '4615933eec9fda98a480d62e05a89935') in 3.376310 seconds
  Import took 3.390445 seconds .

========================================================================
Received Import Request.
  Time since last request: 5646.992374 seconds.
  path: Assets/Materials/BG.mat
  artifactKey: Guid(a586b5d5d750c104587e933d7e96e2e6) Importer(815301076,1909f56bfc062723c751e8b465ee728b)
Start importing Assets/Materials/BG.mat using Guid(a586b5d5d750c104587e933d7e96e2e6) Importer(815301076,1909f56bfc062723c751e8b465ee728b)  -> (artifact id: '7092d957c36e81a84e5fd4c9fb18ef27') in 0.129794 seconds
  Import took 0.154208 seconds .

========================================================================
Received Import Request.
  Time since last request: 243.883973 seconds.
  path: Assets/Materials/BG 1.mat
  artifactKey: Guid(06633caefd3d32e4997db6013c7d9e26) Importer(815301076,1909f56bfc062723c751e8b465ee728b)
Start importing Assets/Materials/BG 1.mat using Guid(06633caefd3d32e4997db6013c7d9e26) Importer(815301076,1909f56bfc062723c751e8b465ee728b)  -> (artifact id: '2e006daa3f4b435988c2e050d1055882') in 0.072952 seconds
  Import took 0.084811 seconds .

========================================================================
Received Prepare
Registering precompiled user dll's ...
Registered in 0.003811 seconds.
Begin MonoManager ReloadAssembly
Native extension for WindowsStandalone target not found
Refreshing native plugins compatible for Editor in 0.90 ms, found 0 plugins.
Preloading 0 native plugins for Editor in 0.00 ms.
Warning: Annotation not found!
UnityEngine.StackTraceUtility:ExtractStackTrace ()
UnityEditor.ProBuilder.EditorUtility:SetGizmoIconEnabled (System.Type,bool) (at Library/PackageCache/com.unity.probuilder@4.4.0/Editor/EditorCore/EditorUtility.cs:593)
UnityEditor.ProBuilder.HierarchyListener:.cctor () (at Library/PackageCache/com.unity.probuilder@4.4.0/Editor/EditorCore/HierarchyListener.cs:21)
System.Runtime.CompilerServices.RuntimeHelpers:RunClassConstructor (System.RuntimeTypeHandle)
UnityEditor.EditorAssemblies:ProcessInitializeOnLoadAttributes (System.Type[])

[Library/PackageCache/com.unity.probuilder@4.4.0/Editor/EditorCore/EditorUtility.cs line 593]

Invoked RoslynAnalysisRunner static constructor.
RoslynAnalysisRunner will not be running.
RoslynAnalysisRunner has terminated.
Mono: successfully reloaded assembly
- Completed reload, in  2.206 seconds
Platform modules already initialized, skipping
Refreshing native plugins compatible for Editor in 0.86 ms, found 0 plugins.
Preloading 0 native plugins for Editor in 0.00 ms.
Unloading 3587 Unused Serialized files (Serialized files now loaded: 0)
System memory in use before: 184.1 MB.
System memory in use after: 181.8 MB.

Unloading 37 unused Assets to reduce memory usage. Loaded Objects now: 4448.
Total: 9.163400 ms (FindLiveObjects: 0.759900 ms CreateObjectMapping: 0.182600 ms MarkObjects: 5.129800 ms  DeleteObjects: 3.089200 ms)

AssetImportWorkerClient::OnTransportError - code=2 error=End of file
