Using pre-set license
Built from '2020.2/release' branch; Version is '2020.2.1f1 (270dd8c3da1c) revision 2559448'; Using compiler version '192528614'; Build Type 'Release'
OS: 'Windows 10  (10.0.0) 64bit' Language: 'en' Physical Memory: 16334 MB
BatchMode: 1, IsHumanControllingUs: 0, StartBugReporterOnCrash: 0, Is64bit: 1, IsPro: 0

 COMMAND LINE ARGUMENTS:
C:\Program Files\Unity\Hub\Editor\2020.2.1f1\Editor\Unity.exe
-adb2
-batchMode
-noUpm
-name
AssetImportWorker0
-projectPath
C:/Users/colli/Documents/Repos/Spring 2021/2610 Aestetics/Honey Speedway
-logFile
Logs/AssetImportWorker0.log
-srvPort
51353
Successfully changed project path to: C:/Users/colli/Documents/Repos/Spring 2021/2610 Aestetics/Honey Speedway
C:/Users/colli/Documents/Repos/Spring 2021/2610 Aestetics/Honey Speedway
Using Asset Import Pipeline V2.
Refreshing native plugins compatible for Editor in 74.99 ms, found 1 plugins.
Preloading 0 native plugins for Editor in 0.00 ms.
Initialize engine version: 2020.2.1f1 (270dd8c3da1c)
[Subsystems] Discovering subsystems at path C:/Program Files/Unity/Hub/Editor/2020.2.1f1/Editor/Data/Resources/UnitySubsystems
[Subsystems] Discovering subsystems at path C:/Users/colli/Documents/Repos/Spring 2021/2610 Aestetics/Honey Speedway/Assets
GfxDevice: creating device client; threaded=0
Direct3D:
    Version:  Direct3D 11.0 [level 11.1]
    Renderer: NVIDIA GeForce RTX 3060 Ti (ID=0x2486)
    Vendor:   
    VRAM:     8050 MB
    Driver:   27.21.14.6192
Initialize mono
Mono path[0] = 'C:/Program Files/Unity/Hub/Editor/2020.2.1f1/Editor/Data/Managed'
Mono path[1] = 'C:/Program Files/Unity/Hub/Editor/2020.2.1f1/Editor/Data/MonoBleedingEdge/lib/mono/unityjit'
Mono config path = 'C:/Program Files/Unity/Hub/Editor/2020.2.1f1/Editor/Data/MonoBleedingEdge/etc'
Using monoOptions --debugger-agent=transport=dt_socket,embedding=1,server=y,suspend=n,address=127.0.0.1:56288
Begin MonoManager ReloadAssembly
Registering precompiled unity dll's ...
Register platform support module: C:/Program Files/Unity/Hub/Editor/2020.2.1f1/Editor/Data/PlaybackEngines/WebGLSupport/UnityEditor.WebGL.Extensions.dll
Register platform support module: C:/Program Files/Unity/Hub/Editor/2020.2.1f1/Editor/Data/PlaybackEngines/WindowsStandaloneSupport/UnityEditor.WindowsStandalone.Extensions.dll
Registered in 0.001990 seconds.
Native extension for WindowsStandalone target not found
Native extension for WebGL target not found
Refreshing native plugins compatible for Editor in 75.09 ms, found 1 plugins.
Preloading 0 native plugins for Editor in 0.00 ms.
Invoked RoslynAnalysisRunner static constructor.
RoslynAnalysisRunner will not be running.
RoslynAnalysisRunner has terminated.
Mono: successfully reloaded assembly
- Completed reload, in  1.055 seconds
Platform modules already initialized, skipping
Registering precompiled user dll's ...
Registered in 0.001311 seconds.
Begin MonoManager ReloadAssembly
Native extension for WindowsStandalone target not found
Native extension for WebGL target not found
Refreshing native plugins compatible for Editor in 73.53 ms, found 1 plugins.
Preloading 0 native plugins for Editor in 0.00 ms.
Invoked RoslynAnalysisRunner static constructor.
RoslynAnalysisRunner will not be running.
RoslynAnalysisRunner has terminated.
Mono: successfully reloaded assembly
- Completed reload, in  1.282 seconds
Platform modules already initialized, skipping
========================================================================
Worker process is ready to serve import requests
Launched and connected shader compiler UnityShaderCompiler.exe after 0.03 seconds
Refreshing native plugins compatible for Editor in 0.69 ms, found 1 plugins.
Preloading 0 native plugins for Editor in 0.00 ms.
Unloading 4089 Unused Serialized files (Serialized files now loaded: 0)
System memory in use before: 195.2 MB.
System memory in use after: 192.5 MB.

Unloading 174 unused Assets to reduce memory usage. Loaded Objects now: 4496.
Total: 4.962700 ms (FindLiveObjects: 0.679400 ms CreateObjectMapping: 0.257100 ms MarkObjects: 2.315400 ms  DeleteObjects: 1.709900 ms)

========================================================================
Received Import Request.
  path: Assets
  artifactKey: Guid(00000000000000001000000000000000) Importer(815301076,1909f56bfc062723c751e8b465ee728b)
Start importing Assets using Guid(00000000000000001000000000000000) Importer(815301076,1909f56bfc062723c751e8b465ee728b)  -> (artifact id: 'e1a2c4dac9df7c17871e19a3b74f0e9f') in 0.010388 seconds
  Import took 0.017353 seconds .

========================================================================
Received Import Request.
  Time since last request: 1.987588 seconds.
  path: Assets/Models
  artifactKey: Guid(5d4baced2cacd0d4e8facc73810fdf7f) Importer(815301076,1909f56bfc062723c751e8b465ee728b)
Start importing Assets/Models using Guid(5d4baced2cacd0d4e8facc73810fdf7f) Importer(815301076,1909f56bfc062723c751e8b465ee728b)  -> (artifact id: '577c07982c8dfaaf5570e648b947e578') in 0.006378 seconds
  Import took 0.012777 seconds .

========================================================================
Received Import Request.
  Time since last request: 27.491385 seconds.
  path: Assets/Structure Map.fbx
  artifactKey: Guid(fdd865bb594fa7e49a6d36e01565b0d6) Importer(815301076,1909f56bfc062723c751e8b465ee728b)
Start importing Assets/Structure Map.fbx using Guid(fdd865bb594fa7e49a6d36e01565b0d6) Importer(815301076,1909f56bfc062723c751e8b465ee728b)  -> (artifact id: '80df14aee5130b306e872e82c1d990c9') in 0.663413 seconds
  Import took 0.671138 seconds .

========================================================================
Received Import Request.
  Time since last request: 2.155068 seconds.
  path: Assets/Terrain Map.fbx
  artifactKey: Guid(871b245faa352b44794054ca11a61ffe) Importer(815301076,1909f56bfc062723c751e8b465ee728b)
Start importing Assets/Terrain Map.fbx using Guid(871b245faa352b44794054ca11a61ffe) Importer(815301076,1909f56bfc062723c751e8b465ee728b)  -> (artifact id: '4fa5892419522751b521da6b5fb2398f') in 0.115717 seconds
  Import took 0.124105 seconds .

========================================================================
Received Import Request.
  Time since last request: 39.307693 seconds.
  path: Assets/Structure Map_lambert1_BaseColor.png
  artifactKey: Guid(b0f4a2b1d7ce15a4e836b9bb96d385a3) Importer(815301076,1909f56bfc062723c751e8b465ee728b)
Start importing Assets/Structure Map_lambert1_BaseColor.png using Guid(b0f4a2b1d7ce15a4e836b9bb96d385a3) Importer(815301076,1909f56bfc062723c751e8b465ee728b)  -> (artifact id: 'd40cdb6674abf8c624ccf2cee490ce12') in 0.035874 seconds
  Import took 0.042883 seconds .

========================================================================
Received Import Request.
  Time since last request: 7.325971 seconds.
  path: Assets/Materials/Structure Map_lambert1_BaseColor.mat
  artifactKey: Guid(7809e47d5c7b53f44845800ce1a4ce6d) Importer(815301076,1909f56bfc062723c751e8b465ee728b)
Start importing Assets/Materials/Structure Map_lambert1_BaseColor.mat using Guid(7809e47d5c7b53f44845800ce1a4ce6d) Importer(815301076,1909f56bfc062723c751e8b465ee728b)  -> (artifact id: '16666ea6962227171785b32ba4e492c3') in 0.033268 seconds
  Import took 0.040254 seconds .

========================================================================
Received Import Request.
  Time since last request: 52.079587 seconds.
  path: Assets/Materials/Structure Map_lambert1_Metallic.png
  artifactKey: Guid(cec2fd07ee31ffb41b2ac4e0b68487ea) Importer(815301076,1909f56bfc062723c751e8b465ee728b)
Start importing Assets/Materials/Structure Map_lambert1_Metallic.png using Guid(cec2fd07ee31ffb41b2ac4e0b68487ea) Importer(815301076,1909f56bfc062723c751e8b465ee728b)  -> (artifact id: '1100e45824d1bec88b45bcf317624f47') in 0.016666 seconds
  Import took 0.023737 seconds .

========================================================================
Received Import Request.
  Time since last request: 0.000184 seconds.
  path: Assets/Materials/Structure Map_lambert1_Roughness.png
  artifactKey: Guid(ee92e2717d10d3d498519556e83f6fde) Importer(815301076,1909f56bfc062723c751e8b465ee728b)
Start importing Assets/Materials/Structure Map_lambert1_Roughness.png using Guid(ee92e2717d10d3d498519556e83f6fde) Importer(815301076,1909f56bfc062723c751e8b465ee728b)  -> (artifact id: 'de6b9be08ff900c6781d478928d33bb1') in 0.016418 seconds
  Import took 0.022903 seconds .

========================================================================
Received Import Request.
  Time since last request: 0.000199 seconds.
  path: Assets/Materials/Structure Map_lambert1_Metallic.png
  artifactKey: Guid(cec2fd07ee31ffb41b2ac4e0b68487ea) Importer(815301076,1909f56bfc062723c751e8b465ee728b)
Start importing Assets/Materials/Structure Map_lambert1_Metallic.png using Guid(cec2fd07ee31ffb41b2ac4e0b68487ea) Importer(815301076,1909f56bfc062723c751e8b465ee728b)  -> (artifact id: '1100e45824d1bec88b45bcf317624f47') in 0.008494 seconds
  Import took 0.014603 seconds .

========================================================================
Received Import Request.
  Time since last request: 0.000187 seconds.
  path: Assets/Materials/Structure Map_lambert1_Roughness.png
  artifactKey: Guid(ee92e2717d10d3d498519556e83f6fde) Importer(815301076,1909f56bfc062723c751e8b465ee728b)
Start importing Assets/Materials/Structure Map_lambert1_Roughness.png using Guid(ee92e2717d10d3d498519556e83f6fde) Importer(815301076,1909f56bfc062723c751e8b465ee728b)  -> (artifact id: 'de6b9be08ff900c6781d478928d33bb1') in 0.008665 seconds
  Import took 0.014651 seconds .

========================================================================
Received Import Request.
  Time since last request: 194.431380 seconds.
  path: Assets/Terrain Map_lambert1_BaseColor.png
  artifactKey: Guid(20274a9092f9cb24fa8e6e1df3a2ab5b) Importer(815301076,1909f56bfc062723c751e8b465ee728b)
Start importing Assets/Terrain Map_lambert1_BaseColor.png using Guid(20274a9092f9cb24fa8e6e1df3a2ab5b) Importer(815301076,1909f56bfc062723c751e8b465ee728b)  -> (artifact id: '7ca0ded8b03e42518c175700a3ddbdfa') in 0.033160 seconds
  Import took 0.039853 seconds .

========================================================================
Received Import Request.
  Time since last request: 124.760360 seconds.
  path: Assets/Materials/Structure Map_lambert1_BaseColor.mat
  artifactKey: Guid(7809e47d5c7b53f44845800ce1a4ce6d) Importer(815301076,1909f56bfc062723c751e8b465ee728b)
Start importing Assets/Materials/Structure Map_lambert1_BaseColor.mat using Guid(7809e47d5c7b53f44845800ce1a4ce6d) Importer(815301076,1909f56bfc062723c751e8b465ee728b)  -> (artifact id: 'ba57690bedf32b8d0dda9215280c86b7') in 0.032219 seconds
  Import took 0.039124 seconds .

========================================================================
Received Import Request.
  Time since last request: 0.000189 seconds.
  path: Assets/Materials/Terrain Map_lambert1_BaseColor.mat
  artifactKey: Guid(1a210c8cfb4fc3144a43dc823d079d08) Importer(815301076,1909f56bfc062723c751e8b465ee728b)
Start importing Assets/Materials/Terrain Map_lambert1_BaseColor.mat using Guid(1a210c8cfb4fc3144a43dc823d079d08) Importer(815301076,1909f56bfc062723c751e8b465ee728b)  -> (artifact id: '840d5afad5ac3b6a05334484496c17c5') in 0.029013 seconds
  Import took 0.035120 seconds .

AssetImportWorkerClient::OnTransportError - code=2 error=End of file
