Using pre-set license
Built from '2020.2/release' branch; Version is '2020.2.1f1 (270dd8c3da1c) revision 2559448'; Using compiler version '192528614'; Build Type 'Release'
OS: 'Windows 10  (10.0.0) 64bit' Language: 'en' Physical Memory: 16334 MB
BatchMode: 1, IsHumanControllingUs: 0, StartBugReporterOnCrash: 0, Is64bit: 1, IsPro: 0

 COMMAND LINE ARGUMENTS:
C:\Program Files\Unity\Hub\Editor\2020.2.1f1\Editor\Unity.exe
-adb2
-batchMode
-noUpm
-name
AssetImportWorker0
-projectPath
C:/Users/colli/Documents/Repos/Spring 2021/2610 Aestetics/Honey Speedway
-logFile
Logs/AssetImportWorker0.log
-srvPort
50658
Successfully changed project path to: C:/Users/colli/Documents/Repos/Spring 2021/2610 Aestetics/Honey Speedway
C:/Users/colli/Documents/Repos/Spring 2021/2610 Aestetics/Honey Speedway
Using Asset Import Pipeline V2.
Refreshing native plugins compatible for Editor in 155.86 ms, found 0 plugins.
Preloading 0 native plugins for Editor in 0.00 ms.
Initialize engine version: 2020.2.1f1 (270dd8c3da1c)
[Subsystems] Discovering subsystems at path C:/Program Files/Unity/Hub/Editor/2020.2.1f1/Editor/Data/Resources/UnitySubsystems
[Subsystems] Discovering subsystems at path C:/Users/colli/Documents/Repos/Spring 2021/2610 Aestetics/Honey Speedway/Assets
GfxDevice: creating device client; threaded=0
Direct3D:
    Version:  Direct3D 11.0 [level 11.1]
    Renderer: NVIDIA GeForce RTX 3060 Ti (ID=0x2486)
    Vendor:   
    VRAM:     8050 MB
    Driver:   27.21.14.6109
Initialize mono
Mono path[0] = 'C:/Program Files/Unity/Hub/Editor/2020.2.1f1/Editor/Data/Managed'
Mono path[1] = 'C:/Program Files/Unity/Hub/Editor/2020.2.1f1/Editor/Data/MonoBleedingEdge/lib/mono/unityjit'
Mono config path = 'C:/Program Files/Unity/Hub/Editor/2020.2.1f1/Editor/Data/MonoBleedingEdge/etc'
Using monoOptions --debugger-agent=transport=dt_socket,embedding=1,server=y,suspend=n,address=127.0.0.1:56160
Begin MonoManager ReloadAssembly
Registering precompiled unity dll's ...
Register platform support module: C:/Program Files/Unity/Hub/Editor/2020.2.1f1/Editor/Data/PlaybackEngines/WindowsStandaloneSupport/UnityEditor.WindowsStandalone.Extensions.dll
Registered in 0.002796 seconds.
Native extension for WindowsStandalone target not found
Refreshing native plugins compatible for Editor in 142.25 ms, found 0 plugins.
Preloading 0 native plugins for Editor in 0.00 ms.
Invoked RoslynAnalysisRunner static constructor.
RoslynAnalysisRunner will not be running.
RoslynAnalysisRunner has terminated.
Mono: successfully reloaded assembly
- Completed reload, in  1.913 seconds
Platform modules already initialized, skipping
Registering precompiled user dll's ...
Registered in 0.002138 seconds.
Begin MonoManager ReloadAssembly
Native extension for WindowsStandalone target not found
Refreshing native plugins compatible for Editor in 130.57 ms, found 0 plugins.
Preloading 0 native plugins for Editor in 0.00 ms.
Invoked RoslynAnalysisRunner static constructor.
RoslynAnalysisRunner will not be running.
RoslynAnalysisRunner has terminated.
Mono: successfully reloaded assembly
- Completed reload, in  2.322 seconds
Platform modules already initialized, skipping
========================================================================
Worker process is ready to serve import requests
Launched and connected shader compiler UnityShaderCompiler.exe after 0.05 seconds
Refreshing native plugins compatible for Editor in 1.45 ms, found 0 plugins.
Preloading 0 native plugins for Editor in 0.00 ms.
Unloading 3865 Unused Serialized files (Serialized files now loaded: 0)
System memory in use before: 187.7 MB.
System memory in use after: 185.0 MB.

Unloading 171 unused Assets to reduce memory usage. Loaded Objects now: 4274.
Total: 7.885400 ms (FindLiveObjects: 0.594600 ms CreateObjectMapping: 0.167800 ms MarkObjects: 4.151100 ms  DeleteObjects: 2.969700 ms)

========================================================================
Received Import Request.
  path: Assets/Materials/Honey Speedway.mat
  artifactKey: Guid(c54462513e453614d9e0919cd4547e2c) Importer(815301076,1909f56bfc062723c751e8b465ee728b)
Start importing Assets/Materials/Honey Speedway.mat using Guid(c54462513e453614d9e0919cd4547e2c) Importer(815301076,1909f56bfc062723c751e8b465ee728b)  -> (artifact id: '1b87b586a61f6a2c30f9b4526b17bea2') in 1.152345 seconds
  Import took 1.164905 seconds .

========================================================================
Received Import Request.
  Time since last request: 665.795530 seconds.
  path: Assets/Materials/BG.mat
  artifactKey: Guid(a586b5d5d750c104587e933d7e96e2e6) Importer(815301076,1909f56bfc062723c751e8b465ee728b)
Start importing Assets/Materials/BG.mat using Guid(a586b5d5d750c104587e933d7e96e2e6) Importer(815301076,1909f56bfc062723c751e8b465ee728b)  -> (artifact id: '32778699cb50b11bf31eea6ca05b49a8') in 0.056602 seconds
  Import took 0.067747 seconds .

========================================================================
Received Import Request.
  Time since last request: 0.000265 seconds.
  path: Assets/Materials/Honey Speedway.mat
  artifactKey: Guid(c54462513e453614d9e0919cd4547e2c) Importer(815301076,1909f56bfc062723c751e8b465ee728b)
Start importing Assets/Materials/Honey Speedway.mat using Guid(c54462513e453614d9e0919cd4547e2c) Importer(815301076,1909f56bfc062723c751e8b465ee728b)  -> (artifact id: '18186034e4194b116538128ca5cd4d3c') in 0.047602 seconds
  Import took 0.057035 seconds .

========================================================================
Received Import Request.
  Time since last request: 0.003965 seconds.
  path: Assets/Materials/Honey Speedway.mat
  artifactKey: Guid(c54462513e453614d9e0919cd4547e2c) Importer(815301076,1909f56bfc062723c751e8b465ee728b)
Start importing Assets/Materials/Honey Speedway.mat using Guid(c54462513e453614d9e0919cd4547e2c) Importer(815301076,1909f56bfc062723c751e8b465ee728b)  -> (artifact id: '18186034e4194b116538128ca5cd4d3c') in 0.047106 seconds
  Import took 0.056517 seconds .

========================================================================
Received Import Request.
  Time since last request: 23.763514 seconds.
  path: Assets/Materials/Gray.mat
  artifactKey: Guid(30d8483f54ca0c648ae6b5df7d0bf38e) Importer(815301076,1909f56bfc062723c751e8b465ee728b)
Start importing Assets/Materials/Gray.mat using Guid(30d8483f54ca0c648ae6b5df7d0bf38e) Importer(815301076,1909f56bfc062723c751e8b465ee728b)  -> (artifact id: '6a7c9f20f45260d26496d21a733ff1dc') in 0.067544 seconds
  Import took 0.079936 seconds .

========================================================================
Received Import Request.
  Time since last request: 52.551845 seconds.
  path: Assets/Materials/Brown.mat
  artifactKey: Guid(70187cfe5c8e62b4cbde76e3ccb882c1) Importer(815301076,1909f56bfc062723c751e8b465ee728b)
Start importing Assets/Materials/Brown.mat using Guid(70187cfe5c8e62b4cbde76e3ccb882c1) Importer(815301076,1909f56bfc062723c751e8b465ee728b)  -> (artifact id: 'abf2ac55bfe80e803e9008440a9a8e03') in 0.068131 seconds
  Import took 0.077502 seconds .

========================================================================
Received Import Request.
  Time since last request: 143.487504 seconds.
  path: Assets/Materials/Bronze.mat
  artifactKey: Guid(12b0c499fa44f2840ba64d4ef42ff1f4) Importer(815301076,1909f56bfc062723c751e8b465ee728b)
Start importing Assets/Materials/Bronze.mat using Guid(12b0c499fa44f2840ba64d4ef42ff1f4) Importer(815301076,1909f56bfc062723c751e8b465ee728b)  -> (artifact id: '5b0986baac30f0c4e53583622bf0736f') in 0.060708 seconds
  Import took 0.071884 seconds .

========================================================================
Received Import Request.
  Time since last request: 0.000213 seconds.
  path: Assets/Materials/Honey Speedway.mat
  artifactKey: Guid(c54462513e453614d9e0919cd4547e2c) Importer(815301076,1909f56bfc062723c751e8b465ee728b)
Start importing Assets/Materials/Honey Speedway.mat using Guid(c54462513e453614d9e0919cd4547e2c) Importer(815301076,1909f56bfc062723c751e8b465ee728b)  -> (artifact id: '2e9a9bf2bae642713c354d06c36a288e') in 0.077123 seconds
  Import took 0.086686 seconds .

========================================================================
Received Import Request.
  Time since last request: 480.995867 seconds.
  path: Assets/Materials/Brown.mat
  artifactKey: Guid(70187cfe5c8e62b4cbde76e3ccb882c1) Importer(815301076,1909f56bfc062723c751e8b465ee728b)
Start importing Assets/Materials/Brown.mat using Guid(70187cfe5c8e62b4cbde76e3ccb882c1) Importer(815301076,1909f56bfc062723c751e8b465ee728b)  -> (artifact id: '3cea6397c5692799aa5344cbbd4fedac') in 0.048087 seconds
  Import took 0.060442 seconds .

========================================================================
Received Import Request.
  Time since last request: 0.000347 seconds.
  path: Assets/Materials/Hive.mat
  artifactKey: Guid(e7436d3b1549de0499bf351a214861d8) Importer(815301076,1909f56bfc062723c751e8b465ee728b)
Start importing Assets/Materials/Hive.mat using Guid(e7436d3b1549de0499bf351a214861d8) Importer(815301076,1909f56bfc062723c751e8b465ee728b)  -> (artifact id: '4f1547ac255c9999e572bfa44e314ca2') in 0.062439 seconds
  Import took 0.073687 seconds .

========================================================================
Received Import Request.
  Time since last request: 0.000271 seconds.
  path: Assets/Materials/Honey.mat
  artifactKey: Guid(582432f8908a486458830263204f8450) Importer(815301076,1909f56bfc062723c751e8b465ee728b)
Start importing Assets/Materials/Honey.mat using Guid(582432f8908a486458830263204f8450) Importer(815301076,1909f56bfc062723c751e8b465ee728b)  -> (artifact id: '679054c358b48caf57a17c317f286916') in 0.054536 seconds
  Import took 0.063765 seconds .

========================================================================
Received Import Request.
  Time since last request: 0.000255 seconds.
  path: Assets/Materials/Gray.mat
  artifactKey: Guid(30d8483f54ca0c648ae6b5df7d0bf38e) Importer(815301076,1909f56bfc062723c751e8b465ee728b)
Start importing Assets/Materials/Gray.mat using Guid(30d8483f54ca0c648ae6b5df7d0bf38e) Importer(815301076,1909f56bfc062723c751e8b465ee728b)  -> (artifact id: 'a72cade9afc8d1508cccf977794b8d21') in 0.042059 seconds
  Import took 0.051763 seconds .

========================================================================
Received Import Request.
  Time since last request: 0.000249 seconds.
  path: Assets/Materials/Honey Speedway.mat
  artifactKey: Guid(c54462513e453614d9e0919cd4547e2c) Importer(815301076,1909f56bfc062723c751e8b465ee728b)
Start importing Assets/Materials/Honey Speedway.mat using Guid(c54462513e453614d9e0919cd4547e2c) Importer(815301076,1909f56bfc062723c751e8b465ee728b)  -> (artifact id: 'c29c213ed42906e9e5cda0e23fbdf53f') in 0.054311 seconds
  Import took 0.064268 seconds .

AssetImportWorkerClient::OnTransportError - code=2 error=End of file
